<?xml version="1.0" encoding="UTF-8"?>
<!-- Generated by org.testng.reporters.JUnitXMLReporter -->
<testsuite hostname="A2ML16749" ignored="0" name="Test(failed)(failed)(failed)(failed)(failed)" tests="1" failures="1" timestamp="08 Aug 2017 05:02:57 GMT" time="7.684" errors="0">
  <testcase name="register" time="1.144" classname="com.mindtree.autotoursdemo.scripts.Registerscript">
    <failure type="java.lang.IllegalArgumentException" message="Sheet index (1) is out of range (0..0)">
      <![CDATA[java.lang.IllegalArgumentException: Sheet index (1) is out of range (0..0)
	at org.apache.poi.xssf.usermodel.XSSFWorkbook.validateSheetIndex(XSSFWorkbook.java:1527)
	at org.apache.poi.xssf.usermodel.XSSFWorkbook.getSheetName(XSSFWorkbook.java:1182)
	at com.mindtree.autodemotours.generic.Excel.getSheetName(Excel.java:44)
	at com.mindtree.autotoursdemo.scripts.Registerscript.register(Registerscript.java:15)
... Removed 25 stack frames]]>
    </failure>
  </testcase> <!-- register -->
</testsuite> <!-- Test(failed)(failed)(failed)(failed)(failed) -->
