<?xml version="1.0" encoding="UTF-8"?>
<!-- Generated by org.testng.reporters.JUnitXMLReporter -->
<testsuite hostname="A2ML16749" ignored="0" name="Test(failed)(failed)(failed)(failed)" tests="1" failures="1" timestamp="08 Aug 2017 04:59:01 GMT" time="6.546" errors="0">
  <testcase name="register" time="0.02" classname="com.mindtree.autotoursdemo.scripts.Registerscript">
    <failure type="java.lang.NullPointerException">
      <![CDATA[java.lang.NullPointerException
	at com.mindtree.autodemotours.generic.Excel.getSheetName(Excel.java:37)
	at com.mindtree.autotoursdemo.scripts.Registerscript.register(Registerscript.java:15)
... Removed 25 stack frames]]>
    </failure>
  </testcase> <!-- register -->
</testsuite> <!-- Test(failed)(failed)(failed)(failed) -->
