<?xml version="1.0" encoding="UTF-8"?>
<!-- Generated by org.testng.reporters.JUnitXMLReporter -->
<testsuite hostname="A2ML16749" ignored="0" name="Test(failed)(failed)(failed)(failed)(failed)(failed)(failed)(failed)" tests="1" failures="0" timestamp="08 Aug 2017 05:15:30 GMT" time="16.232" errors="0">
  <testcase name="register" time="10.924" classname="com.mindtree.autotoursdemo.scripts.Registerscript"/>
</testsuite> <!-- Test(failed)(failed)(failed)(failed)(failed)(failed)(failed)(failed) -->
